Determining if the pthread_create exist failed with the following output:
Change Dir: /home/ubuntu/p2p/CMakeFiles/CMakeTmp

Run Build Command:"/usr/bin/make" "cmTC_f11da/fast"
/usr/bin/make -f CMakeFiles/cmTC_f11da.dir/build.make CMakeFiles/cmTC_f11da.dir/build
make[1]: Entering directory '/home/ubuntu/p2p/CMakeFiles/CMakeTmp'
Building C object CMakeFiles/cmTC_f11da.dir/CheckSymbolExists.c.o
/usr/bin/cc    -o CMakeFiles/cmTC_f11da.dir/CheckSymbolExists.c.o   -c /home/ubuntu/p2p/CMakeFiles/CMakeTmp/CheckSymbolExists.c
Linking C executable cmTC_f11da
/usr/bin/cmake -E cmake_link_script CMakeFiles/cmTC_f11da.dir/link.txt --verbose=1
/usr/bin/cc      CMakeFiles/cmTC_f11da.dir/CheckSymbolExists.c.o  -o cmTC_f11da 
CMakeFiles/cmTC_f11da.dir/CheckSymbolExists.c.o: In function `main':
CheckSymbolExists.c:(.text+0x1b): undefined reference to `pthread_create'
collect2: error: ld returned 1 exit status
CMakeFiles/cmTC_f11da.dir/build.make:97: recipe for target 'cmTC_f11da' failed
make[1]: *** [cmTC_f11da] Error 1
make[1]: Leaving directory '/home/ubuntu/p2p/CMakeFiles/CMakeTmp'
Makefile:126: recipe for target 'cmTC_f11da/fast' failed
make: *** [cmTC_f11da/fast] Error 2

File /home/ubuntu/p2p/CMakeFiles/CMakeTmp/CheckSymbolExists.c:
/* */
#include <pthread.h>

int main(int argc, char** argv)
{
  (void)argv;
#ifndef pthread_create
  return ((int*)(&pthread_create))[argc];
#else
  (void)argc;
  return 0;
#endif
}

Determining if the function pthread_create exists in the pthreads failed with the following output:
Change Dir: /home/ubuntu/p2p/CMakeFiles/CMakeTmp

Run Build Command:"/usr/bin/make" "cmTC_d7ac5/fast"
/usr/bin/make -f CMakeFiles/cmTC_d7ac5.dir/build.make CMakeFiles/cmTC_d7ac5.dir/build
make[1]: Entering directory '/home/ubuntu/p2p/CMakeFiles/CMakeTmp'
Building C object CMakeFiles/cmTC_d7ac5.dir/CheckFunctionExists.c.o
/usr/bin/cc   -DCHECK_FUNCTION_EXISTS=pthread_create   -o CMakeFiles/cmTC_d7ac5.dir/CheckFunctionExists.c.o   -c /usr/share/cmake-3.10/Modules/CheckFunctionExists.c
Linking C executable cmTC_d7ac5
/usr/bin/cmake -E cmake_link_script CMakeFiles/cmTC_d7ac5.dir/link.txt --verbose=1
/usr/bin/cc  -DCHECK_FUNCTION_EXISTS=pthread_create    CMakeFiles/cmTC_d7ac5.dir/CheckFunctionExists.c.o  -o cmTC_d7ac5 -lpthreads 
/usr/bin/ld: cannot find -lpthreads
collect2: error: ld returned 1 exit status
CMakeFiles/cmTC_d7ac5.dir/build.make:97: recipe for target 'cmTC_d7ac5' failed
make[1]: *** [cmTC_d7ac5] Error 1
make[1]: Leaving directory '/home/ubuntu/p2p/CMakeFiles/CMakeTmp'
Makefile:126: recipe for target 'cmTC_d7ac5/fast' failed
make: *** [cmTC_d7ac5/fast] Error 2


